mode: set
github.com/meddhiazoghlami/assignmentProjectserver/server.go:15.44,34.2 9 1
github.com/meddhiazoghlami/assignmentProjectservices/transaction.go:12.99,13.25 1 1
github.com/meddhiazoghlami/assignmentProjectservices/transaction.go:13.25,15.3 1 1
github.com/meddhiazoghlami/assignmentProjectservices/transaction.go:16.2,17.16 2 1
github.com/meddhiazoghlami/assignmentProjectservices/transaction.go:17.16,19.3 1 0
github.com/meddhiazoghlami/assignmentProjectservices/transaction.go:21.2,26.16 4 1
github.com/meddhiazoghlami/assignmentProjectservices/transaction.go:26.16,28.3 1 0
github.com/meddhiazoghlami/assignmentProjectservices/transaction.go:32.2,35.16 3 1
github.com/meddhiazoghlami/assignmentProjectservices/transaction.go:35.16,37.3 1 0
github.com/meddhiazoghlami/assignmentProjectservices/transaction.go:39.2,42.16 4 1
github.com/meddhiazoghlami/assignmentProjectservices/transaction.go:42.16,44.3 1 0
github.com/meddhiazoghlami/assignmentProjectservices/transaction.go:46.2,46.35 1 1
github.com/meddhiazoghlami/assignmentProjectservices/transaction.go:46.35,48.3 1 0
github.com/meddhiazoghlami/assignmentProjectservices/transaction.go:49.2,49.12 1 1
github.com/meddhiazoghlami/assignmentProjectservices/transaction.go:52.100,53.25 1 1
github.com/meddhiazoghlami/assignmentProjectservices/transaction.go:53.25,55.3 1 1
github.com/meddhiazoghlami/assignmentProjectservices/transaction.go:56.2,59.16 4 1
github.com/meddhiazoghlami/assignmentProjectservices/transaction.go:59.16,61.3 1 0
github.com/meddhiazoghlami/assignmentProjectservices/transaction.go:62.2,62.40 1 1
github.com/meddhiazoghlami/assignmentProjectservices/transaction.go:62.40,64.3 1 0
github.com/meddhiazoghlami/assignmentProjectservices/transaction.go:66.2,67.16 2 1
github.com/meddhiazoghlami/assignmentProjectservices/transaction.go:67.16,69.3 1 0
github.com/meddhiazoghlami/assignmentProjectservices/transaction.go:71.2,76.16 4 1
github.com/meddhiazoghlami/assignmentProjectservices/transaction.go:76.16,78.3 1 0
github.com/meddhiazoghlami/assignmentProjectservices/transaction.go:80.2,83.16 3 1
github.com/meddhiazoghlami/assignmentProjectservices/transaction.go:83.16,85.3 1 0
github.com/meddhiazoghlami/assignmentProjectservices/transaction.go:87.2,90.16 4 1
github.com/meddhiazoghlami/assignmentProjectservices/transaction.go:90.16,92.3 1 0
github.com/meddhiazoghlami/assignmentProjectservices/transaction.go:94.2,94.35 1 1
github.com/meddhiazoghlami/assignmentProjectservices/transaction.go:94.35,96.3 1 0
github.com/meddhiazoghlami/assignmentProjectservices/transaction.go:98.2,98.12 1 1
github.com/meddhiazoghlami/assignmentProjectservices/transaction.go:101.88,108.16 6 1
github.com/meddhiazoghlami/assignmentProjectservices/transaction.go:108.16,110.3 1 0
github.com/meddhiazoghlami/assignmentProjectservices/transaction.go:111.2,113.18 2 1
github.com/meddhiazoghlami/assignmentProjectservices/transaction.go:113.18,115.17 2 1
github.com/meddhiazoghlami/assignmentProjectservices/transaction.go:115.17,117.4 1 0
github.com/meddhiazoghlami/assignmentProjectservices/transaction.go:119.3,119.37 1 1
github.com/meddhiazoghlami/assignmentProjectservices/transaction.go:121.2,121.35 1 1
github.com/meddhiazoghlami/assignmentProjectservices/transaction.go:121.35,123.3 1 0
github.com/meddhiazoghlami/assignmentProjectservices/transaction.go:124.2,124.19 1 1
github.com/meddhiazoghlami/assignmentProjectservices/user.go:9.65,13.16 3 1
github.com/meddhiazoghlami/assignmentProjectservices/user.go:13.16,15.3 1 1
github.com/meddhiazoghlami/assignmentProjectservices/user.go:17.2,17.18 1 1
github.com/meddhiazoghlami/assignmentProjectservices/wallet.go:9.89,13.16 3 1
github.com/meddhiazoghlami/assignmentProjectservices/wallet.go:13.16,15.3 1 1
github.com/meddhiazoghlami/assignmentProjectservices/wallet.go:16.2,16.20 1 1
github.com/meddhiazoghlami/assignmentProjectservices/wallet.go:19.69,23.16 4 1
github.com/meddhiazoghlami/assignmentProjectservices/wallet.go:23.16,25.3 1 1
github.com/meddhiazoghlami/assignmentProjectservices/wallet.go:26.2,26.20 1 1
github.com/meddhiazoghlami/assignmentProjectservices/wallet.go:29.86,34.16 4 1
github.com/meddhiazoghlami/assignmentProjectservices/wallet.go:34.16,36.3 1 1
github.com/meddhiazoghlami/assignmentProjectservices/wallet.go:37.2,37.31 1 1
github.com/meddhiazoghlami/assignmentProjectservices/wallet.go:37.31,39.3 1 1
github.com/meddhiazoghlami/assignmentProjectservices/wallet.go:40.2,40.20 1 1
